<?xml version="1.0" encoding="UTF-8"?>
<testng-results skipped="0" failed="0" ignored="0" total="1" passed="1">
  <reporter-output>
  </reporter-output>
  <suite name="Suite" duration-ms="14656" started-at="2018-01-31T02:21:04Z" finished-at="2018-01-31T02:21:19Z">
    <groups>
    </groups>
    <test name="Test" duration-ms="14656" started-at="2018-01-31T02:21:04Z" finished-at="2018-01-31T02:21:19Z">
      <class name="login">
        <test-method status="PASS" signature="Login()[pri:0, instance:login@1565ec2]" name="Login" duration-ms="14612" started-at="2018-01-31T07:51:04Z" finished-at="2018-01-31T07:51:19Z">
          <reporter-output>
          </reporter-output>
        </test-method> <!-- Login -->
      </class> <!-- login -->
    </test> <!-- Test -->
  </suite> <!-- Suite -->
</testng-results>
