<?xml version="1.0" encoding="UTF-8"?>
<testng-results skipped="0" failed="0" ignored="0" total="1" passed="1">
  <reporter-output>
  </reporter-output>
  <suite name="Suite" duration-ms="13468" started-at="2018-02-07T02:10:21Z" finished-at="2018-02-07T02:10:35Z">
    <groups>
    </groups>
    <test name="Test" duration-ms="13468" started-at="2018-02-07T02:10:21Z" finished-at="2018-02-07T02:10:35Z">
      <class name="login">
        <test-method status="PASS" signature="Login()[pri:0, instance:login@1f37ef1]" name="Login" duration-ms="13436" started-at="2018-02-07T07:40:21Z" finished-at="2018-02-07T07:40:35Z">
          <reporter-output>
          </reporter-output>
        </test-method> <!-- Login -->
      </class> <!-- login -->
    </test> <!-- Test -->
  </suite> <!-- Suite -->
</testng-results>
